Traceback (most recent call last):
  File "/home/ben/miniconda3/envs/pyCATHY/lib/python3.9/site-packages/jupyter_cache/executors/utils.py", line 58, in single_nb_execution
    executenb(
  File "/home/ben/miniconda3/envs/pyCATHY/lib/python3.9/site-packages/nbclient/client.py", line 1117, in execute
    return NotebookClient(nb=nb, resources=resources, km=km, **kwargs).execute()
  File "/home/ben/miniconda3/envs/pyCATHY/lib/python3.9/site-packages/nbclient/util.py", line 78, in wrapped
    return just_run(coro(*args, **kwargs))
  File "/home/ben/miniconda3/envs/pyCATHY/lib/python3.9/site-packages/nbclient/util.py", line 57, in just_run
    return loop.run_until_complete(coro)
  File "/home/ben/miniconda3/envs/pyCATHY/lib/python3.9/asyncio/base_events.py", line 642, in run_until_complete
    return future.result()
  File "/home/ben/miniconda3/envs/pyCATHY/lib/python3.9/site-packages/nbclient/client.py", line 558, in async_execute
    await self.async_execute_cell(
  File "/home/ben/miniconda3/envs/pyCATHY/lib/python3.9/site-packages/nbclient/client.py", line 862, in async_execute_cell
    self._check_raise_for_error(cell, exec_reply)
  File "/home/ben/miniconda3/envs/pyCATHY/lib/python3.9/site-packages/nbclient/client.py", line 765, in _check_raise_for_error
    raise CellExecutionError.from_cell_and_msg(cell, exec_reply_content)
nbclient.exceptions.CellExecutionError: An error occurred while executing the following cell:
------------------
# In[2]:

from pyCATHY import cathy_tools
from pyCATHY.plotters import cathy_plots as cplt

# In[13]:


path2prj ='weil_exemple' # add your local path here
simu = cathy_tools.CATHY(dirName=path2prj)
simu.run_processor(IPRT1=2,verbose=True)

cplt.show_vtk(unit='pressure',
              timeStep=1,
              notebook=False, 
              path='./my_cathy_prj/vtk/'
             )
------------------

[0;31m---------------------------------------------------------------------------[0m
[0;31mModuleNotFoundError[0m                       Traceback (most recent call last)
[0;32m/tmp/ipykernel_281455/3120363076.py[0m in [0;36m<module>[0;34m[0m
[1;32m      1[0m [0;31m# In[2]:[0m[0;34m[0m[0;34m[0m[0m
[1;32m      2[0m [0;34m[0m[0m
[0;32m----> 3[0;31m [0;32mfrom[0m [0mpyCATHY[0m [0;32mimport[0m [0mcathy_tools[0m[0;34m[0m[0;34m[0m[0m
[0m[1;32m      4[0m [0;32mfrom[0m [0mpyCATHY[0m[0;34m.[0m[0mplotters[0m [0;32mimport[0m [0mcathy_plots[0m [0;32mas[0m [0mcplt[0m[0;34m[0m[0;34m[0m[0m
[1;32m      5[0m [0;34m[0m[0m

[0;32m~/miniconda3/envs/pyCATHY/lib/python3.9/site-packages/pyCATHY/__init__.py[0m in [0;36m<module>[0;34m[0m
[0;32m----> 1[0;31m [0;32mfrom[0m [0mpyCATHY[0m[0;34m.[0m[0mplotters[0m [0;32mimport[0m [0mcathy_plots[0m[0;34m[0m[0;34m[0m[0m
[0m[1;32m      2[0m [0;32mfrom[0m [0mpyCATHY[0m[0;34m.[0m[0mDA[0m [0;32mimport[0m [0mcathy_DA[0m[0;34m[0m[0;34m[0m[0m
[1;32m      3[0m [0;34m[0m[0m
[1;32m      4[0m [0;34m[0m[0m
[1;32m      5[0m [0;34m[0m[0m

[0;32m~/miniconda3/envs/pyCATHY/lib/python3.9/site-packages/pyCATHY/plotters/cathy_plots.py[0m in [0;36m<module>[0;34m[0m
[1;32m     27[0m [0;34m[0m[0m
[1;32m     28[0m [0;32mfrom[0m [0mpyCATHY[0m[0;34m.[0m[0mimporters[0m [0;32mimport[0m [0mcathy_outputs[0m [0;32mas[0m [0mout_CT[0m[0;34m[0m[0;34m[0m[0m
[0;32m---> 29[0;31m from pyCATHY.cathy_utils import (label_units, 
[0m[1;32m     30[0m                                  [0mtransform2_time_delta[0m[0;34m,[0m[0;34m[0m[0;34m[0m[0m
[1;32m     31[0m                                  [0mconvert_time_units[0m[0;34m,[0m[0;34m[0m[0;34m[0m[0m

[0;32m~/miniconda3/envs/pyCATHY/lib/python3.9/site-packages/pyCATHY/cathy_utils.py[0m in [0;36m<module>[0;34m[0m
[1;32m     16[0m [0;32mimport[0m [0mpandas[0m [0;32mas[0m [0mpd[0m[0;34m[0m[0;34m[0m[0m
[1;32m     17[0m [0;32mfrom[0m [0mdatetime[0m [0;32mimport[0m [0mdatetime[0m[0;34m,[0m [0mtimedelta[0m[0;34m[0m[0;34m[0m[0m
[0;32m---> 18[0;31m [0;32mfrom[0m [0mrosetta[0m [0;32mimport[0m [0mrosetta[0m[0;34m,[0m [0mSoilData[0m[0;34m[0m[0;34m[0m[0m
[0m[1;32m     19[0m [0;32mimport[0m [0mnumpy[0m [0;32mas[0m [0mnp[0m[0;34m[0m[0;34m[0m[0m
[1;32m     20[0m [0;32mfrom[0m [0mpyCATHY[0m[0;34m.[0m[0mplotters[0m [0;32mimport[0m [0mcathy_plots[0m [0;32mas[0m [0mpltCT[0m[0;34m[0m[0;34m[0m[0m

[0;32m~/miniconda3/envs/pyCATHY/lib/python3.9/site-packages/rosetta/__init__.py[0m in [0;36m<module>[0;34m[0m
[0;32m----> 1[0;31m [0;32mfrom[0m [0mrosetta[0m[0;34m.[0m[0mtext[0m[0;34m.[0m[0mapi[0m [0;32mimport[0m [0;34m*[0m[0;34m[0m[0;34m[0m[0m
[0m
[0;32m~/miniconda3/envs/pyCATHY/lib/python3.9/site-packages/rosetta/text/api.py[0m in [0;36m<module>[0;34m[0m
[0;32m----> 1[0;31m [0;32mfrom[0m [0mrosetta[0m[0;34m.[0m[0mtext[0m[0;34m.[0m[0mstreamers[0m [0;32mimport[0m [0mTextFileStreamer[0m[0;34m[0m[0;34m[0m[0m
[0m[1;32m      2[0m [0;34m[0m[0m
[1;32m      3[0m [0;32mfrom[0m [0mrosetta[0m[0;34m.[0m[0mtext[0m[0;34m.[0m[0mtext_processors[0m [0;32mimport[0m[0;31m [0m[0;31m\[0m[0;34m[0m[0;34m[0m[0m
[1;32m      4[0m     [0mTokenizerBasic[0m[0;34m,[0m [0mMakeTokenizer[0m[0;34m,[0m [0mSFileFilter[0m[0;34m,[0m [0mVWFormatter[0m[0;34m[0m[0;34m[0m[0m
[1;32m      5[0m [0;34m[0m[0m

[0;32m~/miniconda3/envs/pyCATHY/lib/python3.9/site-packages/rosetta/text/streamers.py[0m in [0;36m<module>[0;34m[0m
[1;32m     15[0m [0;32mfrom[0m [0;34m.[0m[0;34m.[0m [0;32mimport[0m [0mcommon[0m[0;34m[0m[0;34m[0m[0m
[1;32m     16[0m [0;32mfrom[0m [0;34m.[0m[0;34m.[0m[0mcommon[0m [0;32mimport[0m [0mlazyprop[0m[0;34m,[0m [0msmart_open[0m[0;34m,[0m [0mDocIDError[0m[0;34m[0m[0;34m[0m[0m
[0;32m---> 17[0;31m [0;32mfrom[0m [0;34m.[0m [0;32mimport[0m [0mfilefilter[0m[0;34m,[0m [0mtext_processors[0m[0;34m[0m[0;34m[0m[0m
[0m[1;32m     18[0m [0;34m[0m[0m
[1;32m     19[0m [0;34m[0m[0m

[0;32m~/miniconda3/envs/pyCATHY/lib/python3.9/site-packages/rosetta/text/text_processors.py[0m in [0;36m<module>[0;34m[0m
[1;32m     22[0m [0;32mimport[0m [0mmath[0m[0;34m[0m[0;34m[0m[0m
[1;32m     23[0m [0;34m[0m[0m
[0;32m---> 24[0;31m [0;32mimport[0m [0mnltk[0m[0;34m[0m[0;34m[0m[0m
[0m[1;32m     25[0m [0;32mimport[0m [0mnumpy[0m [0;32mas[0m [0mnp[0m[0;34m[0m[0;34m[0m[0m
[1;32m     26[0m [0;32mimport[0m [0mpandas[0m [0;32mas[0m [0mpd[0m[0;34m[0m[0;34m[0m[0m

[0;31mModuleNotFoundError[0m: No module named 'nltk'
ModuleNotFoundError: No module named 'nltk'

