Traceback (most recent call last):
  File "/home/ben/miniconda3/envs/pyCATHY/lib/python3.10/site-packages/jupyter_cache/executors/utils.py", line 58, in single_nb_execution
    executenb(
  File "/home/ben/miniconda3/envs/pyCATHY/lib/python3.10/site-packages/nbclient/client.py", line 1265, in execute
    return NotebookClient(nb=nb, resources=resources, km=km, **kwargs).execute()
  File "/home/ben/miniconda3/envs/pyCATHY/lib/python3.10/site-packages/jupyter_core/utils/__init__.py", line 166, in wrapped
    return loop.run_until_complete(inner)
  File "/home/ben/miniconda3/envs/pyCATHY/lib/python3.10/asyncio/base_events.py", line 649, in run_until_complete
    return future.result()
  File "/home/ben/miniconda3/envs/pyCATHY/lib/python3.10/site-packages/nbclient/client.py", line 703, in async_execute
    await self.async_execute_cell(
  File "/home/ben/miniconda3/envs/pyCATHY/lib/python3.10/site-packages/nbclient/client.py", line 1021, in async_execute_cell
    await self._check_raise_for_error(cell, cell_index, exec_reply)
  File "/home/ben/miniconda3/envs/pyCATHY/lib/python3.10/site-packages/nbclient/client.py", line 915, in _check_raise_for_error
    raise CellExecutionError.from_cell_and_msg(cell, exec_reply_content)
nbclient.exceptions.CellExecutionError: An error occurred while executing the following cell:
------------------
simu.update_veg_map()
simu.show_input(
                prop="soil", 
                yprop="PERMX", 
                layer_nb=4,
               )
------------------

[0;31m---------------------------------------------------------------------------[0m
[0;31mValueError[0m                                Traceback (most recent call last)
Cell [0;32mIn[5], line 2[0m
[1;32m      1[0m simu[38;5;241m.[39mupdate_veg_map()
[0;32m----> 2[0m [43msimu[49m[38;5;241;43m.[39;49m[43mshow_input[49m[43m([49m
[1;32m      3[0m [43m                [49m[43mprop[49m[38;5;241;43m=[39;49m[38;5;124;43m"[39;49m[38;5;124;43msoil[39;49m[38;5;124;43m"[39;49m[43m,[49m[43m [49m
[1;32m      4[0m [43m                [49m[43myprop[49m[38;5;241;43m=[39;49m[38;5;124;43m"[39;49m[38;5;124;43mPERMX[39;49m[38;5;124;43m"[39;49m[43m,[49m[43m [49m
[1;32m      5[0m [43m                [49m[43mlayer_nb[49m[38;5;241;43m=[39;49m[38;5;241;43m4[39;49m[43m,[49m
[1;32m      6[0m [43m               [49m[43m)[49m

File [0;32m~/miniconda3/envs/pyCATHY/lib/python3.10/site-packages/pyCATHY-0.1.1-py3.10.egg/pyCATHY/cathy_tools.py:3402[0m, in [0;36mCATHY.show_input[0;34m(self, prop, ax, **kwargs)[0m
[1;32m   3387[0m [38;5;28;01mdef[39;00m [38;5;21mshow_input[39m([38;5;28mself[39m, prop[38;5;241m=[39m[38;5;124m"[39m[38;5;124mhgsfdet[39m[38;5;124m"[39m, ax[38;5;241m=[39m[38;5;28;01mNone[39;00m, [38;5;241m*[39m[38;5;241m*[39mkwargs):
[1;32m   3388[0m [38;5;250m    [39m[38;5;124;03m"""[39;00m
[1;32m   3389[0m [38;5;124;03m    Call and parse to cathy.plotter from the main CATHY class[39;00m
[1;32m   3390[0m 
[0;32m   (...)[0m
[1;32m   3400[0m 
[1;32m   3401[0m [38;5;124;03m    """[39;00m
[0;32m-> 3402[0m     df [38;5;241m=[39m [38;5;28;43mself[39;49m[38;5;241;43m.[39;49m[43mread_inputs[49m[43m([49m[43mfilename[49m[38;5;241;43m=[39;49m[43mprop[49m[43m,[49m[43m [49m[38;5;241;43m*[39;49m[38;5;241;43m*[39;49m[43mkwargs[49m[43m)[49m
[1;32m   3403[0m     [38;5;28;01mif[39;00m prop [38;5;241m==[39m [38;5;124m"[39m[38;5;124matmbc[39m[38;5;124m"[39m:
[1;32m   3404[0m         plt_CT[38;5;241m.[39mshow_atmbc(df[[38;5;124m"[39m[38;5;124mtime[39m[38;5;124m"[39m], df[[38;5;124m"[39m[38;5;124mvalue[39m[38;5;124m"[39m], ax[38;5;241m=[39max, [38;5;241m*[39m[38;5;241m*[39mkwargs)

File [0;32m~/miniconda3/envs/pyCATHY/lib/python3.10/site-packages/pyCATHY-0.1.1-py3.10.egg/pyCATHY/cathy_tools.py:3559[0m, in [0;36mCATHY.read_inputs[0;34m(self, filename, **kwargs)[0m
[1;32m   3556[0m [38;5;28;01melse[39;00m:
[1;32m   3557[0m     MAXVEG [38;5;241m=[39m [38;5;28mself[39m[38;5;241m.[39mcathyH[[38;5;124m"[39m[38;5;124mMAXVEG[39m[38;5;124m"[39m]
[0;32m-> 3559[0m df [38;5;241m=[39m [43min_CT[49m[38;5;241;43m.[39;49m[43mread_soil[49m[43m([49m
[1;32m   3560[0m [43m    [49m[43mos[49m[38;5;241;43m.[39;49m[43mpath[49m[38;5;241;43m.[39;49m[43mjoin[49m[43m([49m[38;5;28;43mself[39;49m[38;5;241;43m.[39;49m[43mworkdir[49m[43m,[49m[43m [49m[38;5;28;43mself[39;49m[38;5;241;43m.[39;49m[43mproject_name[49m[43m,[49m[43m [49m[38;5;124;43m"[39;49m[38;5;124;43minput[39;49m[38;5;124;43m"[39;49m[43m,[49m[43m [49m[43mfilename[49m[43m)[49m[43m,[49m
[1;32m   3561[0m [43m    [49m[43mdem_parm[49m[43m,[49m
[1;32m   3562[0m [43m    [49m[43mMAXVEG[49m[38;5;241;43m=[39;49m[43mMAXVEG[49m[43m,[49m
[1;32m   3563[0m [43m[49m[43m)[49m
[1;32m   3564[0m [38;5;66;03m# df[0][39;00m
[1;32m   3565[0m [38;5;28;01mreturn[39;00m df

File [0;32m~/miniconda3/envs/pyCATHY/lib/python3.10/site-packages/pyCATHY-0.1.1-py3.10.egg/pyCATHY/importers/cathy_inputs.py:382[0m, in [0;36mread_soil[0;34m(soilfile, dem_parm, MAXVEG)[0m
[1;32m    379[0m         name_zone[38;5;241m.[39mappend([38;5;28mstr[39m(dz))
[1;32m    381[0m [38;5;28;01mif[39;00m [38;5;28mlen[39m(soil) [38;5;241m!=[39m [38;5;28mlen[39m(name_str):
[0;32m--> 382[0m     [38;5;28;01mraise[39;00m [38;5;167;01mValueError[39;00m(
[1;32m    383[0m         [38;5;124m"[39m[38;5;124mInconsistent number of zones/layers with respect to the number of soil lines[39m[38;5;124m"[39m
[1;32m    384[0m     )
[1;32m    385[0m df_soil [38;5;241m=[39m pd[38;5;241m.[39mDataFrame(soil, [name_str, name_zone], soil_header)
[1;32m    386[0m df_soil[38;5;241m.[39mindex[38;5;241m.[39mset_names([38;5;124m"[39m[38;5;124mstr[39m[38;5;124m"[39m, level[38;5;241m=[39m[38;5;241m0[39m, inplace[38;5;241m=[39m[38;5;28;01mTrue[39;00m)

[0;31mValueError[0m: Inconsistent number of zones/layers with respect to the number of soil lines
ValueError: Inconsistent number of zones/layers with respect to the number of soil lines

