Traceback (most recent call last):
  File "/home/ben/miniconda3/envs/pyCATHY/lib/python3.10/site-packages/jupyter_cache/executors/utils.py", line 58, in single_nb_execution
    executenb(
  File "/home/ben/miniconda3/envs/pyCATHY/lib/python3.10/site-packages/nbclient/client.py", line 1265, in execute
    return NotebookClient(nb=nb, resources=resources, km=km, **kwargs).execute()
  File "/home/ben/miniconda3/envs/pyCATHY/lib/python3.10/site-packages/jupyter_core/utils/__init__.py", line 166, in wrapped
    return loop.run_until_complete(inner)
  File "/home/ben/miniconda3/envs/pyCATHY/lib/python3.10/asyncio/base_events.py", line 649, in run_until_complete
    return future.result()
  File "/home/ben/miniconda3/envs/pyCATHY/lib/python3.10/site-packages/nbclient/client.py", line 703, in async_execute
    await self.async_execute_cell(
  File "/home/ben/miniconda3/envs/pyCATHY/lib/python3.10/site-packages/nbclient/client.py", line 1021, in async_execute_cell
    await self._check_raise_for_error(cell, cell_index, exec_reply)
  File "/home/ben/miniconda3/envs/pyCATHY/lib/python3.10/site-packages/nbclient/client.py", line 915, in _check_raise_for_error
    raise CellExecutionError.from_cell_and_msg(cell, exec_reply_content)
nbclient.exceptions.CellExecutionError: An error occurred while executing the following cell:
------------------
fig, ax = plt.subplots(1)
simu.show_input(prop="root_map", ax=ax,
               linewidth=0)

------------------

[0;31m---------------------------------------------------------------------------[0m
[0;31mValueError[0m                                Traceback (most recent call last)
Cell [0;32mIn[4], line 2[0m
[1;32m      1[0m fig, ax [38;5;241m=[39m plt[38;5;241m.[39msubplots([38;5;241m1[39m)
[0;32m----> 2[0m [43msimu[49m[38;5;241;43m.[39;49m[43mshow_input[49m[43m([49m[43mprop[49m[38;5;241;43m=[39;49m[38;5;124;43m"[39;49m[38;5;124;43mroot_map[39;49m[38;5;124;43m"[39;49m[43m,[49m[43m [49m[43max[49m[38;5;241;43m=[39;49m[43max[49m[43m,[49m
[1;32m      3[0m [43m               [49m[43mlinewidth[49m[38;5;241;43m=[39;49m[38;5;241;43m0[39;49m[43m)[49m

File [0;32m~/miniconda3/envs/pyCATHY/lib/python3.10/site-packages/pyCATHY-0.1.1-py3.10.egg/pyCATHY/cathy_tools.py:3406[0m, in [0;36mCATHY.show_input[0;34m(self, prop, ax, **kwargs)[0m
[1;32m   3404[0m     plt_CT[38;5;241m.[39mshow_atmbc(df[[38;5;124m"[39m[38;5;124mtime[39m[38;5;124m"[39m], df[[38;5;124m"[39m[38;5;124mvalue[39m[38;5;124m"[39m], ax[38;5;241m=[39max, [38;5;241m*[39m[38;5;241m*[39mkwargs)
[1;32m   3405[0m [38;5;28;01melif[39;00m prop [38;5;241m==[39m [38;5;124m"[39m[38;5;124mroot_map[39m[38;5;124m"[39m:
[0;32m-> 3406[0m     [43mplt_CT[49m[38;5;241;43m.[39;49m[43mshow_indice_veg[49m[43m([49m[43mdf[49m[43m[[49m[38;5;241;43m0[39;49m[43m][49m[43m,[49m[43m [49m[43max[49m[38;5;241;43m=[39;49m[43max[49m[43m)[49m
[1;32m   3407[0m [38;5;28;01melif[39;00m prop [38;5;241m==[39m [38;5;124m"[39m[38;5;124mdem[39m[38;5;124m"[39m:
[1;32m   3408[0m     [38;5;28;01mif[39;00m [38;5;28mhasattr[39m([38;5;28mself[39m, [38;5;124m"[39m[38;5;124mhapin[39m[38;5;124m"[39m) [38;5;129;01mis[39;00m [38;5;28;01mFalse[39;00m:

File [0;32m~/miniconda3/envs/pyCATHY/lib/python3.10/site-packages/pyCATHY-0.1.1-py3.10.egg/pyCATHY/plotters/cathy_plots.py:820[0m, in [0;36mshow_indice_veg[0;34m(veg_map, **kwargs)[0m
[1;32m    810[0m [38;5;66;03m# fig.colorbar(cf, ax=ax, label='indice of vegetation')[39;00m
[1;32m    812[0m cax [38;5;241m=[39m plt[38;5;241m.[39mcolorbar(
[1;32m    813[0m     cf,
[1;32m    814[0m     ticks[38;5;241m=[39mnp[38;5;241m.[39mlinspace(
[0;32m   (...)[0m
[1;32m    818[0m     label[38;5;241m=[39m[38;5;124m"[39m[38;5;124mindice of vegetation[39m[38;5;124m"[39m,
[1;32m    819[0m )
[0;32m--> 820[0m [43mcax[49m[38;5;241;43m.[39;49m[43mset_ticklabels[49m[43m([49m[38;5;28;43mrange[39;49m[43m([49m[38;5;28;43mint[39;49m[43m([49m[38;5;28;43mmin[39;49m[43m([49m[43mveg_map[49m[38;5;241;43m.[39;49m[43mflatten[49m[43m([49m[43m)[49m[43m)[49m[43m)[49m[43m,[49m[43m [49m[43mnb_of_zones[49m[43m [49m[38;5;241;43m+[39;49m[43m [49m[38;5;241;43m2[39;49m[43m)[49m[43m)[49m
[1;32m    822[0m ax[38;5;241m.[39mset_xlabel([38;5;124m"[39m[38;5;124mx[39m[38;5;124m"[39m)
[1;32m    823[0m ax[38;5;241m.[39mset_ylabel([38;5;124m"[39m[38;5;124my[39m[38;5;124m"[39m)

File [0;32m~/miniconda3/envs/pyCATHY/lib/python3.10/site-packages/matplotlib-3.7.1-py3.10-linux-x86_64.egg/matplotlib/colorbar.py:950[0m, in [0;36mColorbar.set_ticklabels[0;34m(self, ticklabels, minor, **kwargs)[0m
[1;32m    917[0m [38;5;28;01mdef[39;00m [38;5;21mset_ticklabels[39m([38;5;28mself[39m, ticklabels, [38;5;241m*[39m, minor[38;5;241m=[39m[38;5;28;01mFalse[39;00m, [38;5;241m*[39m[38;5;241m*[39mkwargs):
[1;32m    918[0m [38;5;250m    [39m[38;5;124;03m"""[39;00m
[1;32m    919[0m [38;5;124;03m    [*Discouraged*] Set tick labels.[39;00m
[1;32m    920[0m 
[0;32m   (...)[0m
[1;32m    948[0m [38;5;124;03m        `.Text` properties for the labels.[39;00m
[1;32m    949[0m [38;5;124;03m    """[39;00m
[0;32m--> 950[0m     [38;5;28;43mself[39;49m[38;5;241;43m.[39;49m[43m_long_axis[49m[43m([49m[43m)[49m[38;5;241;43m.[39;49m[43mset_ticklabels[49m[43m([49m[43mticklabels[49m[43m,[49m[43m [49m[43mminor[49m[38;5;241;43m=[39;49m[43mminor[49m[43m,[49m[43m [49m[38;5;241;43m*[39;49m[38;5;241;43m*[39;49m[43mkwargs[49m[43m)[49m

File [0;32m~/miniconda3/envs/pyCATHY/lib/python3.10/site-packages/matplotlib-3.7.1-py3.10-linux-x86_64.egg/matplotlib/_api/deprecation.py:297[0m, in [0;36mrename_parameter.<locals>.wrapper[0;34m(*args, **kwargs)[0m
[1;32m    292[0m     warn_deprecated(
[1;32m    293[0m         since, message[38;5;241m=[39m[38;5;124mf[39m[38;5;124m"[39m[38;5;124mThe [39m[38;5;132;01m{[39;00mold[38;5;132;01m!r}[39;00m[38;5;124m parameter of [39m[38;5;132;01m{[39;00mfunc[38;5;241m.[39m[38;5;18m__name__[39m[38;5;132;01m}[39;00m[38;5;124m() [39m[38;5;124m"[39m
[1;32m    294[0m         [38;5;124mf[39m[38;5;124m"[39m[38;5;124mhas been renamed [39m[38;5;132;01m{[39;00mnew[38;5;132;01m!r}[39;00m[38;5;124m since Matplotlib [39m[38;5;132;01m{[39;00msince[38;5;132;01m}[39;00m[38;5;124m; support [39m[38;5;124m"[39m
[1;32m    295[0m         [38;5;124mf[39m[38;5;124m"[39m[38;5;124mfor the old name will be dropped %(removal)s.[39m[38;5;124m"[39m)
[1;32m    296[0m     kwargs[new] [38;5;241m=[39m kwargs[38;5;241m.[39mpop(old)
[0;32m--> 297[0m [38;5;28;01mreturn[39;00m [43mfunc[49m[43m([49m[38;5;241;43m*[39;49m[43margs[49m[43m,[49m[43m [49m[38;5;241;43m*[39;49m[38;5;241;43m*[39;49m[43mkwargs[49m[43m)[49m

File [0;32m~/miniconda3/envs/pyCATHY/lib/python3.10/site-packages/matplotlib-3.7.1-py3.10-linux-x86_64.egg/matplotlib/axis.py:1969[0m, in [0;36mAxis.set_ticklabels[0;34m(self, labels, minor, fontdict, **kwargs)[0m
[1;32m   1965[0m [38;5;28;01mif[39;00m [38;5;28misinstance[39m(locator, mticker[38;5;241m.[39mFixedLocator):
[1;32m   1966[0m     [38;5;66;03m# Passing [] as a list of labels is often used as a way to[39;00m
[1;32m   1967[0m     [38;5;66;03m# remove all tick labels, so only error for > 0 labels[39;00m
[1;32m   1968[0m     [38;5;28;01mif[39;00m [38;5;28mlen[39m(locator[38;5;241m.[39mlocs) [38;5;241m!=[39m [38;5;28mlen[39m(labels) [38;5;129;01mand[39;00m [38;5;28mlen[39m(labels) [38;5;241m!=[39m [38;5;241m0[39m:
[0;32m-> 1969[0m         [38;5;28;01mraise[39;00m [38;5;167;01mValueError[39;00m(
[1;32m   1970[0m             [38;5;124m"[39m[38;5;124mThe number of FixedLocator locations[39m[38;5;124m"[39m
[1;32m   1971[0m             [38;5;124mf[39m[38;5;124m"[39m[38;5;124m ([39m[38;5;132;01m{[39;00m[38;5;28mlen[39m(locator[38;5;241m.[39mlocs)[38;5;132;01m}[39;00m[38;5;124m), usually from a call to[39m[38;5;124m"[39m
[1;32m   1972[0m             [38;5;124m"[39m[38;5;124m set_ticks, does not match[39m[38;5;124m"[39m
[1;32m   1973[0m             [38;5;124mf[39m[38;5;124m"[39m[38;5;124m the number of labels ([39m[38;5;132;01m{[39;00m[38;5;28mlen[39m(labels)[38;5;132;01m}[39;00m[38;5;124m).[39m[38;5;124m"[39m)
[1;32m   1974[0m     tickd [38;5;241m=[39m {loc: lab [38;5;28;01mfor[39;00m loc, lab [38;5;129;01min[39;00m [38;5;28mzip[39m(locator[38;5;241m.[39mlocs, labels)}
[1;32m   1975[0m     func [38;5;241m=[39m functools[38;5;241m.[39mpartial([38;5;28mself[39m[38;5;241m.[39m_format_with_dict, tickd)

[0;31mValueError[0m: The number of FixedLocator locations (10), usually from a call to set_ticks, does not match the number of labels (11).
ValueError: The number of FixedLocator locations (10), usually from a call to set_ticks, does not match the number of labels (11).

